c:\users\dinuka\documents\projects\chathurandi pathiranage\event management system\event management system\debug\vc140.pdb
c:\users\dinuka\documents\projects\chathurandi pathiranage\event management system\event management system\debug\vc140.idb
c:\users\dinuka\documents\projects\chathurandi pathiranage\event management system\event management system\debug\user.obj
c:\users\dinuka\documents\projects\chathurandi pathiranage\event management system\event management system\debug\datahandler.obj
c:\users\dinuka\documents\projects\chathurandi pathiranage\event management system\event management system\debug\main.obj
c:\users\dinuka\documents\projects\chathurandi pathiranage\event management system\event management system\debug\userauthenticate.obj
c:\users\dinuka\documents\projects\chathurandi pathiranage\event management system\event management system\debug\users.obj
c:\users\dinuka\documents\projects\chathurandi pathiranage\event management system\event management system\debug\interfacemanager.obj
c:\users\dinuka\documents\projects\chathurandi pathiranage\event management system\event management system\debug\eventmanager.obj
c:\users\dinuka\documents\projects\chathurandi pathiranage\event management system\debug\event_management_system.ilk
c:\users\dinuka\documents\projects\chathurandi pathiranage\event management system\debug\event_management_system.exe
c:\users\dinuka\documents\projects\chathurandi pathiranage\event management system\debug\event_management_system.pdb
c:\users\dinuka\documents\projects\chathurandi pathiranage\event management system\event management system\debug\main.obj.enc
c:\users\dinuka\documents\projects\chathurandi pathiranage\event management system\event management system\debug\event_ma.8aa70967.tlog\cl.command.1.tlog
c:\users\dinuka\documents\projects\chathurandi pathiranage\event management system\event management system\debug\event_ma.8aa70967.tlog\cl.read.1.tlog
c:\users\dinuka\documents\projects\chathurandi pathiranage\event management system\event management system\debug\event_ma.8aa70967.tlog\cl.write.1.tlog
c:\users\dinuka\documents\projects\chathurandi pathiranage\event management system\event management system\debug\event_ma.8aa70967.tlog\link.14660-cvtres.read.1.tlog
c:\users\dinuka\documents\projects\chathurandi pathiranage\event management system\event management system\debug\event_ma.8aa70967.tlog\link.14660-cvtres.write.1.tlog
c:\users\dinuka\documents\projects\chathurandi pathiranage\event management system\event management system\debug\event_ma.8aa70967.tlog\link.14660-rc.read.1.tlog
c:\users\dinuka\documents\projects\chathurandi pathiranage\event management system\event management system\debug\event_ma.8aa70967.tlog\link.14660-rc.write.1.tlog
c:\users\dinuka\documents\projects\chathurandi pathiranage\event management system\event management system\debug\event_ma.8aa70967.tlog\link.14660.read.1.tlog
c:\users\dinuka\documents\projects\chathurandi pathiranage\event management system\event management system\debug\event_ma.8aa70967.tlog\link.14660.write.1.tlog
c:\users\dinuka\documents\projects\chathurandi pathiranage\event management system\event management system\debug\event_ma.8aa70967.tlog\link.command.1.tlog
c:\users\dinuka\documents\projects\chathurandi pathiranage\event management system\event management system\debug\event_ma.8aa70967.tlog\link.read.1.tlog
c:\users\dinuka\documents\projects\chathurandi pathiranage\event management system\event management system\debug\event_ma.8aa70967.tlog\link.write.1.tlog
